Starting leveldb_bench 1

real	6m33.462s
user	1m20.853s
sys	0m17.874s
Ending leveldb_bench 1
Starting leveldb_bench 2

real	3m29.022s
user	1m21.334s
sys	0m17.345s
Ending leveldb_bench 2
Starting leveldb_bench 3

real	2m34.125s
user	1m22.927s
sys	0m17.196s
Ending leveldb_bench 3
Starting leveldb_bench 4

real	2m9.019s
user	1m22.614s
sys	0m17.479s
Ending leveldb_bench 4
Starting leveldb_bench 5

real	1m54.179s
user	1m24.966s
sys	0m17.061s
Ending leveldb_bench 5
Starting leveldb_bench 6

real	1m44.762s
user	1m25.032s
sys	0m17.279s
Ending leveldb_bench 6
Starting leveldb_bench 7

real	1m42.063s
user	1m24.258s
sys	0m17.170s
Ending leveldb_bench 7
Starting leveldb_bench 8

real	1m38.163s
user	1m25.591s
sys	0m17.261s
Ending leveldb_bench 8
Starting leveldb_bench 9

real	1m39.013s
user	1m24.799s
sys	0m17.694s
Ending leveldb_bench 9
Starting leveldb_bench 10

real	1m37.635s
user	1m24.205s
sys	0m18.291s
Ending leveldb_bench 10
Starting leveldb_bench 11

real	1m33.259s
user	1m25.918s
sys	0m17.969s
Ending leveldb_bench 11
Starting leveldb_bench 12

real	1m36.319s
user	1m27.453s
sys	0m18.467s
Ending leveldb_bench 12
Starting leveldb_bench 13

real	1m35.350s
user	1m26.360s
sys	0m18.809s
Ending leveldb_bench 13
Starting leveldb_bench 14

real	1m39.583s
user	1m27.158s
sys	0m19.156s
Ending leveldb_bench 14
Starting leveldb_bench 15

real	1m35.438s
user	1m27.447s
sys	0m19.538s
Ending leveldb_bench 15
Starting leveldb_bench 16

real	1m36.170s
user	1m28.129s
sys	0m20.371s
Ending leveldb_bench 16
